<?xml version="1.0" encoding="UTF-8"?>
<testng-results skipped="0" failed="0" ignored="0" total="1" passed="1">
  <reporter-output>
  </reporter-output>
  <suite name="Default suite" duration-ms="85" started-at="2020-02-18T16:58:42 EST" finished-at="2020-02-18T16:58:42 EST">
    <groups>
    </groups>
    <test name="Default test" duration-ms="85" started-at="2020-02-18T16:58:42 EST" finished-at="2020-02-18T16:58:42 EST">
      <class name="com.test.testSelenium">
        <test-method status="PASS" signature="systemProperty()[pri:0, instance:com.test.testSelenium@43301423]" name="systemProperty" is-config="true" duration-ms="12" started-at="2020-02-18T16:58:42 EST" finished-at="2020-02-18T16:58:42 EST">
          <reporter-output>
          </reporter-output>
        </test-method> <!-- systemProperty -->
        <test-method status="PASS" signature="setUp()[pri:0, instance:com.test.testSelenium@43301423]" name="setUp" duration-ms="8" started-at="2020-02-18T16:58:42 EST" finished-at="2020-02-18T16:58:42 EST">
          <reporter-output>
          </reporter-output>
        </test-method> <!-- setUp -->
        <test-method status="PASS" signature="openURL()[pri:0, instance:com.test.testSelenium@43301423]" name="openURL" is-config="true" duration-ms="2" started-at="2020-02-18T16:58:42 EST" finished-at="2020-02-18T16:58:42 EST">
          <reporter-output>
          </reporter-output>
        </test-method> <!-- openURL -->
      </class> <!-- com.test.testSelenium -->
    </test> <!-- Default test -->
  </suite> <!-- Default suite -->
</testng-results>
